\BOOKMARK [0][-]{chapter.1}{Introduction}{}% 1
\BOOKMARK [0][-]{chapter.2}{Approximate quantum cloning}{}% 2
\BOOKMARK [1][-]{section.2.1}{No-cloning theorem}{chapter.2}% 3
\BOOKMARK [1][-]{section.2.2}{Universal quantum cloning machine}{chapter.2}% 4
\BOOKMARK [1][-]{section.2.3}{Phase covariant quantum cloning machine}{chapter.2}% 5
\BOOKMARK [1][-]{section.2.4}{Economical phase covariant quantum cloning machine}{chapter.2}% 6
\BOOKMARK [1][-]{section.2.5}{Quantum cloning and quantum key distribution}{chapter.2}% 7
\BOOKMARK [0][-]{chapter.3}{Implementation}{}% 8
\BOOKMARK [1][-]{section.3.1}{Preparation of the input states}{chapter.3}% 9
\BOOKMARK [1][-]{section.3.2}{Measurement of the fidelity of the copies}{chapter.3}% 10
\BOOKMARK [1][-]{section.3.3}{Universal quantum cloning machine}{chapter.3}% 11
\BOOKMARK [1][-]{section.3.4}{Phase covariant quantum cloning machine}{chapter.3}% 12
\BOOKMARK [1][-]{section.3.5}{Economical phase covariant quantum cloning machine}{chapter.3}% 13
\BOOKMARK [1][-]{section.3.6}{Readout calibration}{chapter.3}% 14
\BOOKMARK [0][-]{chapter.4}{Results}{}% 15
\BOOKMARK [1][-]{section.4.1}{Universal quantum cloning machine}{chapter.4}% 16
\BOOKMARK [2][-]{subsection.4.1.1}{Sphere}{section.4.1}% 17
\BOOKMARK [2][-]{subsection.4.1.2}{Equator}{section.4.1}% 18
\BOOKMARK [2][-]{subsection.4.1.3}{BB84 states}{section.4.1}% 19
\BOOKMARK [1][-]{section.4.2}{Phase covariant quantum cloning machine}{chapter.4}% 20
\BOOKMARK [2][-]{subsection.4.2.1}{Sphere}{section.4.2}% 21
\BOOKMARK [2][-]{subsection.4.2.2}{Equator}{section.4.2}% 22
\BOOKMARK [2][-]{subsection.4.2.3}{BB84 states}{section.4.2}% 23
\BOOKMARK [1][-]{section.4.3}{Economical phase covariant quantum cloning machine}{chapter.4}% 24
\BOOKMARK [2][-]{subsection.4.3.1}{Sphere}{section.4.3}% 25
\BOOKMARK [2][-]{subsection.4.3.2}{Equator}{section.4.3}% 26
\BOOKMARK [2][-]{subsection.4.3.3}{BB84 states}{section.4.3}% 27
\BOOKMARK [0][-]{chapter.5}{Conclusions}{}% 28
\BOOKMARK [0][-]{appendix*.32}{Bibliography}{}% 29
