\BOOKMARK [0][-]{chapter.1}{Introduction}{}% 1
\BOOKMARK [0][-]{chapter.2}{Approximate quantum cloning}{}% 2
\BOOKMARK [1][-]{section.2.1}{No-cloning theorem}{chapter.2}% 3
\BOOKMARK [1][-]{section.2.2}{Universal quantum cloning machine}{chapter.2}% 4
\BOOKMARK [2][-]{subsection.2.2.1}{Preparation of the state}{section.2.2}% 5
\BOOKMARK [2][-]{subsection.2.2.2}{Copying proccess}{section.2.2}% 6
\BOOKMARK [2][-]{subsection.2.2.3}{Single qubit fidelity}{section.2.2}% 7
\BOOKMARK [1][-]{section.2.3}{Phase covariant quantum cloning machine}{chapter.2}% 8
\BOOKMARK [1][-]{section.2.4}{Economical phase covariant quantum cloning machine}{chapter.2}% 9
\BOOKMARK [1][-]{section.2.5}{Quantum cloning and quantum key distribution}{chapter.2}% 10
\BOOKMARK [0][-]{chapter.3}{Implementation}{}% 11
\BOOKMARK [1][-]{section.3.1}{Preparation of the input states}{chapter.3}% 12
\BOOKMARK [1][-]{section.3.2}{Measurement of the fidelity of the copies}{chapter.3}% 13
\BOOKMARK [1][-]{section.3.3}{Universal quantum cloning machine}{chapter.3}% 14
\BOOKMARK [1][-]{section.3.4}{Phase covariant quantum cloning machine}{chapter.3}% 15
\BOOKMARK [1][-]{section.3.5}{Economical phase covariant quantum cloning machine}{chapter.3}% 16
\BOOKMARK [1][-]{section.3.6}{Readout calibration}{chapter.3}% 17
\BOOKMARK [0][-]{chapter.4}{Results}{}% 18
\BOOKMARK [1][-]{section.4.1}{Universal quantum cloning machine}{chapter.4}% 19
\BOOKMARK [2][-]{subsection.4.1.1}{Sphere}{section.4.1}% 20
\BOOKMARK [2][-]{subsection.4.1.2}{Equator}{section.4.1}% 21
\BOOKMARK [2][-]{subsection.4.1.3}{BB84 states}{section.4.1}% 22
\BOOKMARK [1][-]{section.4.2}{Phase covariant quantum cloning machine}{chapter.4}% 23
\BOOKMARK [2][-]{subsection.4.2.1}{Sphere}{section.4.2}% 24
\BOOKMARK [2][-]{subsection.4.2.2}{Equator}{section.4.2}% 25
\BOOKMARK [2][-]{subsection.4.2.3}{BB84 states}{section.4.2}% 26
\BOOKMARK [1][-]{section.4.3}{Economical phase covariant quantum cloning machine}{chapter.4}% 27
\BOOKMARK [2][-]{subsection.4.3.1}{Sphere}{section.4.3}% 28
\BOOKMARK [2][-]{subsection.4.3.2}{Equator}{section.4.3}% 29
\BOOKMARK [2][-]{subsection.4.3.3}{BB84 states}{section.4.3}% 30
\BOOKMARK [0][-]{chapter.5}{Conclusions}{}% 31
\BOOKMARK [0][-]{appendix*.21}{Bibliography}{}% 32
